[INFO] 2024-08-29T09:32:45.790891 Profiling DLIO /home/gohan/projects/PFS/DLIO/hydra_log/default/2024-08-29-09-32-44/trace-0-of-4.pfw [/home/gohan/projects/PFS/DLIO/my-venv/lib/python3.11/site-packages/dlio_benchmark/utils/config.py:190]
[INFO] 2024-08-29T09:32:45.791206 Running DLIO with 4 process(es) [/home/gohan/projects/PFS/DLIO/my-venv/lib/python3.11/site-packages/dlio_benchmark/main.py:97]
[INFO] Total amount of data each host will consume is 6.103515625e-05 GB; each host has [7.585105895996094, 7.585105895996094, 7.585105895996094, 7.585105895996094] GB memory [/home/gohan/projects/PFS/DLIO/my-venv/lib/python3.11/site-packages/dlio_benchmark/utils/statscounter.py:121]
[WARNING] The amount of dataset is smaller than the host memory; data might be cached after the first epoch. Increase the size of dataset to eliminate the caching effect!!! [/home/gohan/projects/PFS/DLIO/my-venv/lib/python3.11/site-packages/dlio_benchmark/utils/statscounter.py:125]
[INFO] 2024-08-29T09:32:45.947275 Max steps per epoch: 4 = 1 * 64 / 4 / 4 (samples per file * num files / batch size / comm size) [/home/gohan/projects/PFS/DLIO/my-venv/lib/python3.11/site-packages/dlio_benchmark/main.py:317]
[INFO] 2024-08-29T09:32:45.947450 Steps per eval: 2 = 1 * 8 / 1 / 4 (samples per file * num files / batch size eval / comm size) [/home/gohan/projects/PFS/DLIO/my-venv/lib/python3.11/site-packages/dlio_benchmark/main.py:322]
[INFO] 2024-08-29T09:32:45.995989 Starting epoch 1: 4 steps expected [/home/gohan/projects/PFS/DLIO/my-venv/lib/python3.11/site-packages/dlio_benchmark/utils/statscounter.py:192]
[INFO] 2024-08-29T09:32:45.996170 Starting block 1 [/home/gohan/projects/PFS/DLIO/my-venv/lib/python3.11/site-packages/dlio_benchmark/utils/statscounter.py:264]
[INFO] 2024-08-29T09:32:47.964687 Rank 3 step 1 processed 4 samples in 1.970301628112793 s [/home/gohan/projects/PFS/DLIO/my-venv/lib/python3.11/site-packages/dlio_benchmark/utils/statscounter.py:325]
[INFO] 2024-08-29T09:32:47.965170 Rank 0 step 1 processed 4 samples in 1.9688847064971924 s [/home/gohan/projects/PFS/DLIO/my-venv/lib/python3.11/site-packages/dlio_benchmark/utils/statscounter.py:325]
[INFO] 2024-08-29T09:32:47.967891 Rank 1 step 1 processed 4 samples in 1.973539113998413 s [/home/gohan/projects/PFS/DLIO/my-venv/lib/python3.11/site-packages/dlio_benchmark/utils/statscounter.py:325]
[INFO] 2024-08-29T09:32:47.968910 Rank 2 step 1 processed 4 samples in 1.973909616470337 s [/home/gohan/projects/PFS/DLIO/my-venv/lib/python3.11/site-packages/dlio_benchmark/utils/statscounter.py:325]
[INFO] 2024-08-29T09:32:48.973991 Rank 3 step 2 processed 4 samples in 1.0035417079925537 s [/home/gohan/projects/PFS/DLIO/my-venv/lib/python3.11/site-packages/dlio_benchmark/utils/statscounter.py:325]
[INFO] 2024-08-29T09:32:48.974049 Rank 2 step 2 processed 4 samples in 1.0035953521728516 s [/home/gohan/projects/PFS/DLIO/my-venv/lib/python3.11/site-packages/dlio_benchmark/utils/statscounter.py:325]
[INFO] 2024-08-29T09:32:48.979075 Rank 1 step 2 processed 4 samples in 1.0086302757263184 s [/home/gohan/projects/PFS/DLIO/my-venv/lib/python3.11/site-packages/dlio_benchmark/utils/statscounter.py:325]
[INFO] 2024-08-29T09:32:48.985027 Rank 0 step 2 processed 4 samples in 1.014613151550293 s [/home/gohan/projects/PFS/DLIO/my-venv/lib/python3.11/site-packages/dlio_benchmark/utils/statscounter.py:325]
[INFO] 2024-08-29T09:32:49.987621 Rank 0 step 3 processed 4 samples in 1.0023221969604492 s [/home/gohan/projects/PFS/DLIO/my-venv/lib/python3.11/site-packages/dlio_benchmark/utils/statscounter.py:325]
[INFO] 2024-08-29T09:32:49.988000 Rank 1 step 3 processed 4 samples in 1.00270414352417 s [/home/gohan/projects/PFS/DLIO/my-venv/lib/python3.11/site-packages/dlio_benchmark/utils/statscounter.py:325]
[INFO] 2024-08-29T09:32:49.988047 Rank 3 step 3 processed 4 samples in 1.0027341842651367 s [/home/gohan/projects/PFS/DLIO/my-venv/lib/python3.11/site-packages/dlio_benchmark/utils/statscounter.py:325]
[INFO] 2024-08-29T09:32:49.989849 Rank 2 step 3 processed 4 samples in 1.0025382041931152 s [/home/gohan/projects/PFS/DLIO/my-venv/lib/python3.11/site-packages/dlio_benchmark/utils/statscounter.py:325]
[INFO] 2024-08-29T09:32:50.991751 Rank 0 step 4 processed 4 samples in 1.0016255378723145 s [/home/gohan/projects/PFS/DLIO/my-venv/lib/python3.11/site-packages/dlio_benchmark/utils/statscounter.py:325]
[INFO] 2024-08-29T09:32:50.991799 Rank 3 step 4 processed 4 samples in 1.0016734600067139 s [/home/gohan/projects/PFS/DLIO/my-venv/lib/python3.11/site-packages/dlio_benchmark/utils/statscounter.py:325]
[INFO] 2024-08-29T09:32:50.991835 Rank 2 step 4 processed 4 samples in 1.0017116069793701 s [/home/gohan/projects/PFS/DLIO/my-venv/lib/python3.11/site-packages/dlio_benchmark/utils/statscounter.py:325]
[INFO] 2024-08-29T09:32:50.991835 Rank 1 step 4 processed 4 samples in 1.0017106533050537 s [/home/gohan/projects/PFS/DLIO/my-venv/lib/python3.11/site-packages/dlio_benchmark/utils/statscounter.py:325]
[INFO] 2024-08-29T09:32:50.992439 Maximum number of steps reached [/home/gohan/projects/PFS/DLIO/my-venv/lib/python3.11/site-packages/dlio_benchmark/main.py:289]
[INFO] 2024-08-29T09:32:50.993079 Ending block 1 - 4 steps completed in 5.00 s [/home/gohan/projects/PFS/DLIO/my-venv/lib/python3.11/site-packages/dlio_benchmark/utils/statscounter.py:282]
[INFO] 2024-08-29T09:32:51.008859 Epoch 1 - Block 1 [Training] Accelerator Utilization [AU] (%): 99.0857 [/home/gohan/projects/PFS/DLIO/my-venv/lib/python3.11/site-packages/dlio_benchmark/utils/statscounter.py:285]
[INFO] 2024-08-29T09:32:51.009245 Epoch 1 - Block 1 [Training] Throughput (samples/second): 12.8088 [/home/gohan/projects/PFS/DLIO/my-venv/lib/python3.11/site-packages/dlio_benchmark/utils/statscounter.py:286]
[INFO] 2024-08-29T09:32:51.010571 Ending epoch 1 - 4 steps completed in 5.01 s [/home/gohan/projects/PFS/DLIO/my-venv/lib/python3.11/site-packages/dlio_benchmark/utils/statscounter.py:225]
[INFO] 2024-08-29T09:32:51.013468 Starting eval - 2 steps expected [/home/gohan/projects/PFS/DLIO/my-venv/lib/python3.11/site-packages/dlio_benchmark/utils/statscounter.py:231]
[INFO] 2024-08-29T09:32:52.227909 Rank 3 step 1 processed 1 samples in 1.216951608657837 s [/home/gohan/projects/PFS/DLIO/my-venv/lib/python3.11/site-packages/dlio_benchmark/utils/statscounter.py:361]
[INFO] 2024-08-29T09:32:52.262347 Rank 1 step 1 processed 1 samples in 1.2513887882232666 s [/home/gohan/projects/PFS/DLIO/my-venv/lib/python3.11/site-packages/dlio_benchmark/utils/statscounter.py:361]
[INFO] 2024-08-29T09:32:52.299525 Rank 2 step 1 processed 1 samples in 1.288512945175171 s [/home/gohan/projects/PFS/DLIO/my-venv/lib/python3.11/site-packages/dlio_benchmark/utils/statscounter.py:361]
[INFO] 2024-08-29T09:32:52.320108 Rank 0 step 1 processed 1 samples in 1.3064310550689697 s [/home/gohan/projects/PFS/DLIO/my-venv/lib/python3.11/site-packages/dlio_benchmark/utils/statscounter.py:361]
[INFO] 2024-08-29T09:32:52.731896 Rank 3 step 2 processed 1 samples in 0.5033648014068604 s [/home/gohan/projects/PFS/DLIO/my-venv/lib/python3.11/site-packages/dlio_benchmark/utils/statscounter.py:361]
[INFO] 2024-08-29T09:32:52.766052 Rank 1 step 2 processed 1 samples in 0.5031657218933105 s [/home/gohan/projects/PFS/DLIO/my-venv/lib/python3.11/site-packages/dlio_benchmark/utils/statscounter.py:361]
[INFO] 2024-08-29T09:32:52.804432 Rank 2 step 2 processed 1 samples in 0.5042614936828613 s [/home/gohan/projects/PFS/DLIO/my-venv/lib/python3.11/site-packages/dlio_benchmark/utils/statscounter.py:361]
[INFO] 2024-08-29T09:32:52.823792 Rank 0 step 2 processed 1 samples in 0.5031507015228271 s [/home/gohan/projects/PFS/DLIO/my-venv/lib/python3.11/site-packages/dlio_benchmark/utils/statscounter.py:361]
[INFO] 2024-08-29T09:32:52.824324 Ending eval - 2 steps completed in 1.81 s [/home/gohan/projects/PFS/DLIO/my-venv/lib/python3.11/site-packages/dlio_benchmark/utils/statscounter.py:249]
[INFO] 2024-08-29T09:32:52.827844 Epoch 1 [Eval] Accelerator Utilization [AU] (%): 99.1581 [/home/gohan/projects/PFS/DLIO/my-venv/lib/python3.11/site-packages/dlio_benchmark/utils/statscounter.py:252]
[INFO] 2024-08-29T09:32:52.827941 Epoch 1 [Eval] Throughput (samples/second): 4.4182 [/home/gohan/projects/PFS/DLIO/my-venv/lib/python3.11/site-packages/dlio_benchmark/utils/statscounter.py:253]
[INFO] 2024-08-29T09:32:52.828346 Starting epoch 2: 4 steps expected [/home/gohan/projects/PFS/DLIO/my-venv/lib/python3.11/site-packages/dlio_benchmark/utils/statscounter.py:192]
[INFO] 2024-08-29T09:32:52.828762 Starting block 1 [/home/gohan/projects/PFS/DLIO/my-venv/lib/python3.11/site-packages/dlio_benchmark/utils/statscounter.py:264]
[INFO] 2024-08-29T09:32:53.749672 Rank 3 step 1 processed 4 samples in 1.0156121253967285 s [/home/gohan/projects/PFS/DLIO/my-venv/lib/python3.11/site-packages/dlio_benchmark/utils/statscounter.py:325]
[INFO] 2024-08-29T09:32:53.782121 Rank 1 step 1 processed 4 samples in 1.0143077373504639 s [/home/gohan/projects/PFS/DLIO/my-venv/lib/python3.11/site-packages/dlio_benchmark/utils/statscounter.py:325]
[INFO] 2024-08-29T09:32:53.821464 Rank 2 step 1 processed 4 samples in 1.0149214267730713 s [/home/gohan/projects/PFS/DLIO/my-venv/lib/python3.11/site-packages/dlio_benchmark/utils/statscounter.py:325]
[INFO] 2024-08-29T09:32:53.839059 Rank 0 step 1 processed 4 samples in 1.0101618766784668 s [/home/gohan/projects/PFS/DLIO/my-venv/lib/python3.11/site-packages/dlio_benchmark/utils/statscounter.py:325]
[INFO] 2024-08-29T09:32:54.841463 Rank 3 step 2 processed 4 samples in 1.0019772052764893 s [/home/gohan/projects/PFS/DLIO/my-venv/lib/python3.11/site-packages/dlio_benchmark/utils/statscounter.py:325]
[INFO] 2024-08-29T09:32:54.841892 Rank 1 step 2 processed 4 samples in 1.0024652481079102 s [/home/gohan/projects/PFS/DLIO/my-venv/lib/python3.11/site-packages/dlio_benchmark/utils/statscounter.py:325]
[INFO] 2024-08-29T09:32:54.842063 Rank 0 step 2 processed 4 samples in 1.002650499343872 s [/home/gohan/projects/PFS/DLIO/my-venv/lib/python3.11/site-packages/dlio_benchmark/utils/statscounter.py:325]
[INFO] 2024-08-29T09:32:54.842062 Rank 2 step 2 processed 4 samples in 1.0026326179504395 s [/home/gohan/projects/PFS/DLIO/my-venv/lib/python3.11/site-packages/dlio_benchmark/utils/statscounter.py:325]
[INFO] 2024-08-29T09:32:55.845738 Rank 3 step 3 processed 4 samples in 1.0031592845916748 s [/home/gohan/projects/PFS/DLIO/my-venv/lib/python3.11/site-packages/dlio_benchmark/utils/statscounter.py:325]
[INFO] 2024-08-29T09:32:55.846041 Rank 0 step 3 processed 4 samples in 1.003471851348877 s [/home/gohan/projects/PFS/DLIO/my-venv/lib/python3.11/site-packages/dlio_benchmark/utils/statscounter.py:325]
[INFO] 2024-08-29T09:32:55.846298 Rank 2 step 3 processed 4 samples in 1.0037305355072021 s [/home/gohan/projects/PFS/DLIO/my-venv/lib/python3.11/site-packages/dlio_benchmark/utils/statscounter.py:325]
[INFO] 2024-08-29T09:32:55.846754 Rank 1 step 3 processed 4 samples in 1.00421142578125 s [/home/gohan/projects/PFS/DLIO/my-venv/lib/python3.11/site-packages/dlio_benchmark/utils/statscounter.py:325]
[INFO] 2024-08-29T09:32:56.850377 Rank 3 step 4 processed 4 samples in 1.0032322406768799 s [/home/gohan/projects/PFS/DLIO/my-venv/lib/python3.11/site-packages/dlio_benchmark/utils/statscounter.py:325]
[INFO] 2024-08-29T09:32:56.850461 Rank 1 step 4 processed 4 samples in 1.0033173561096191 s [/home/gohan/projects/PFS/DLIO/my-venv/lib/python3.11/site-packages/dlio_benchmark/utils/statscounter.py:325]
[INFO] 2024-08-29T09:32:56.850786 Rank 0 step 4 processed 4 samples in 1.003645896911621 s [/home/gohan/projects/PFS/DLIO/my-venv/lib/python3.11/site-packages/dlio_benchmark/utils/statscounter.py:325]
[INFO] 2024-08-29T09:32:56.851049 Rank 2 step 4 processed 4 samples in 1.0039057731628418 s [/home/gohan/projects/PFS/DLIO/my-venv/lib/python3.11/site-packages/dlio_benchmark/utils/statscounter.py:325]
[INFO] 2024-08-29T09:32:56.851528 Maximum number of steps reached [/home/gohan/projects/PFS/DLIO/my-venv/lib/python3.11/site-packages/dlio_benchmark/main.py:289]
[INFO] 2024-08-29T09:32:56.851881 Ending block 1 - 4 steps completed in 4.02 s [/home/gohan/projects/PFS/DLIO/my-venv/lib/python3.11/site-packages/dlio_benchmark/utils/statscounter.py:282]
[INFO] 2024-08-29T09:32:56.855188 Epoch 2 - Block 1 [Training] Accelerator Utilization [AU] (%): 99.5738 [/home/gohan/projects/PFS/DLIO/my-venv/lib/python3.11/site-packages/dlio_benchmark/utils/statscounter.py:285]
[INFO] 2024-08-29T09:32:56.855328 Epoch 2 - Block 1 [Training] Throughput (samples/second): 15.9085 [/home/gohan/projects/PFS/DLIO/my-venv/lib/python3.11/site-packages/dlio_benchmark/utils/statscounter.py:286]
[INFO] 2024-08-29T09:32:56.856032 Ending epoch 2 - 4 steps completed in 4.03 s [/home/gohan/projects/PFS/DLIO/my-venv/lib/python3.11/site-packages/dlio_benchmark/utils/statscounter.py:225]
[INFO] 2024-08-29T09:32:56.858706 Starting eval - 2 steps expected [/home/gohan/projects/PFS/DLIO/my-venv/lib/python3.11/site-packages/dlio_benchmark/utils/statscounter.py:231]
[INFO] 2024-08-29T09:32:57.366760 Rank 3 step 1 processed 1 samples in 0.5106785297393799 s [/home/gohan/projects/PFS/DLIO/my-venv/lib/python3.11/site-packages/dlio_benchmark/utils/statscounter.py:361]
[INFO] 2024-08-29T09:32:57.367025 Rank 1 step 1 processed 1 samples in 0.5109550952911377 s [/home/gohan/projects/PFS/DLIO/my-venv/lib/python3.11/site-packages/dlio_benchmark/utils/statscounter.py:361]
[INFO] 2024-08-29T09:32:57.367977 Rank 2 step 1 processed 1 samples in 0.5116872787475586 s [/home/gohan/projects/PFS/DLIO/my-venv/lib/python3.11/site-packages/dlio_benchmark/utils/statscounter.py:361]
[INFO] 2024-08-29T09:32:57.371123 Rank 0 step 1 processed 1 samples in 0.5121982097625732 s [/home/gohan/projects/PFS/DLIO/my-venv/lib/python3.11/site-packages/dlio_benchmark/utils/statscounter.py:361]
[INFO] 2024-08-29T09:32:57.871494 Rank 3 step 2 processed 1 samples in 0.504253625869751 s [/home/gohan/projects/PFS/DLIO/my-venv/lib/python3.11/site-packages/dlio_benchmark/utils/statscounter.py:361]
[INFO] 2024-08-29T09:32:57.871703 Rank 1 step 2 processed 1 samples in 0.5043392181396484 s [/home/gohan/projects/PFS/DLIO/my-venv/lib/python3.11/site-packages/dlio_benchmark/utils/statscounter.py:361]
[INFO] 2024-08-29T09:32:57.873276 Rank 2 step 2 processed 1 samples in 0.5049102306365967 s [/home/gohan/projects/PFS/DLIO/my-venv/lib/python3.11/site-packages/dlio_benchmark/utils/statscounter.py:361]
[INFO] 2024-08-29T09:32:57.874659 Rank 0 step 2 processed 1 samples in 0.5032708644866943 s [/home/gohan/projects/PFS/DLIO/my-venv/lib/python3.11/site-packages/dlio_benchmark/utils/statscounter.py:361]
[INFO] 2024-08-29T09:32:57.875039 Ending eval - 2 steps completed in 1.02 s [/home/gohan/projects/PFS/DLIO/my-venv/lib/python3.11/site-packages/dlio_benchmark/utils/statscounter.py:249]
[INFO] 2024-08-29T09:32:57.876829 Epoch 2 [Eval] Accelerator Utilization [AU] (%): 99.1949 [/home/gohan/projects/PFS/DLIO/my-venv/lib/python3.11/site-packages/dlio_benchmark/utils/statscounter.py:252]
[INFO] 2024-08-29T09:32:57.876908 Epoch 2 [Eval] Throughput (samples/second): 7.8720 [/home/gohan/projects/PFS/DLIO/my-venv/lib/python3.11/site-packages/dlio_benchmark/utils/statscounter.py:253]
[INFO] 2024-08-29T09:32:57.877175 Starting epoch 3: 4 steps expected [/home/gohan/projects/PFS/DLIO/my-venv/lib/python3.11/site-packages/dlio_benchmark/utils/statscounter.py:192]
[INFO] 2024-08-29T09:32:57.877453 Starting block 1 [/home/gohan/projects/PFS/DLIO/my-venv/lib/python3.11/site-packages/dlio_benchmark/utils/statscounter.py:264]
[INFO] 2024-08-29T09:32:58.882957 Rank 1 step 1 processed 4 samples in 1.0100643634796143 s [/home/gohan/projects/PFS/DLIO/my-venv/lib/python3.11/site-packages/dlio_benchmark/utils/statscounter.py:325]
[INFO] 2024-08-29T09:32:58.883523 Rank 2 step 1 processed 4 samples in 1.0092213153839111 s [/home/gohan/projects/PFS/DLIO/my-venv/lib/python3.11/site-packages/dlio_benchmark/utils/statscounter.py:325]
[INFO] 2024-08-29T09:32:58.883487 Rank 3 step 1 processed 4 samples in 1.0106570720672607 s [/home/gohan/projects/PFS/DLIO/my-venv/lib/python3.11/site-packages/dlio_benchmark/utils/statscounter.py:325]
[INFO] 2024-08-29T09:32:58.885161 Rank 0 step 1 processed 4 samples in 1.0075814723968506 s [/home/gohan/projects/PFS/DLIO/my-venv/lib/python3.11/site-packages/dlio_benchmark/utils/statscounter.py:325]
[INFO] 2024-08-29T09:32:59.889284 Rank 3 step 2 processed 4 samples in 1.0036776065826416 s [/home/gohan/projects/PFS/DLIO/my-venv/lib/python3.11/site-packages/dlio_benchmark/utils/statscounter.py:325]
[INFO] 2024-08-29T09:32:59.889467 Rank 0 step 2 processed 4 samples in 1.0038917064666748 s [/home/gohan/projects/PFS/DLIO/my-venv/lib/python3.11/site-packages/dlio_benchmark/utils/statscounter.py:325]
[INFO] 2024-08-29T09:32:59.890120 Rank 1 step 2 processed 4 samples in 1.0045506954193115 s [/home/gohan/projects/PFS/DLIO/my-venv/lib/python3.11/site-packages/dlio_benchmark/utils/statscounter.py:325]
[INFO] 2024-08-29T09:32:59.890418 Rank 2 step 2 processed 4 samples in 1.0048243999481201 s [/home/gohan/projects/PFS/DLIO/my-venv/lib/python3.11/site-packages/dlio_benchmark/utils/statscounter.py:325]
[INFO] 2024-08-29T09:33:00.895935 Rank 3 step 3 processed 4 samples in 1.0038962364196777 s [/home/gohan/projects/PFS/DLIO/my-venv/lib/python3.11/site-packages/dlio_benchmark/utils/statscounter.py:325]
[INFO] 2024-08-29T09:33:00.896028 Rank 2 step 3 processed 4 samples in 1.0041937828063965 s [/home/gohan/projects/PFS/DLIO/my-venv/lib/python3.11/site-packages/dlio_benchmark/utils/statscounter.py:325]
[INFO] 2024-08-29T09:33:00.896105 Rank 1 step 3 processed 4 samples in 1.0042762756347656 s [/home/gohan/projects/PFS/DLIO/my-venv/lib/python3.11/site-packages/dlio_benchmark/utils/statscounter.py:325]
[INFO] 2024-08-29T09:33:00.903220 Rank 0 step 3 processed 4 samples in 1.0113921165466309 s [/home/gohan/projects/PFS/DLIO/my-venv/lib/python3.11/site-packages/dlio_benchmark/utils/statscounter.py:325]
[INFO] 2024-08-29T09:33:01.906405 Rank 3 step 4 processed 4 samples in 1.0027718544006348 s [/home/gohan/projects/PFS/DLIO/my-venv/lib/python3.11/site-packages/dlio_benchmark/utils/statscounter.py:325]
[INFO] 2024-08-29T09:33:01.906708 Rank 0 step 4 processed 4 samples in 1.0030806064605713 s [/home/gohan/projects/PFS/DLIO/my-venv/lib/python3.11/site-packages/dlio_benchmark/utils/statscounter.py:325]
[INFO] 2024-08-29T09:33:01.907099 Rank 2 step 4 processed 4 samples in 1.0034644603729248 s [/home/gohan/projects/PFS/DLIO/my-venv/lib/python3.11/site-packages/dlio_benchmark/utils/statscounter.py:325]
[INFO] 2024-08-29T09:33:01.909422 Rank 1 step 4 processed 4 samples in 1.0058095455169678 s [/home/gohan/projects/PFS/DLIO/my-venv/lib/python3.11/site-packages/dlio_benchmark/utils/statscounter.py:325]
[INFO] 2024-08-29T09:33:01.909684 Maximum number of steps reached [/home/gohan/projects/PFS/DLIO/my-venv/lib/python3.11/site-packages/dlio_benchmark/main.py:289]
[INFO] 2024-08-29T09:33:01.909939 Ending block 1 - 4 steps completed in 4.03 s [/home/gohan/projects/PFS/DLIO/my-venv/lib/python3.11/site-packages/dlio_benchmark/utils/statscounter.py:282]
[INFO] 2024-08-29T09:33:01.912895 Epoch 3 - Block 1 [Training] Accelerator Utilization [AU] (%): 99.1793 [/home/gohan/projects/PFS/DLIO/my-venv/lib/python3.11/site-packages/dlio_benchmark/utils/statscounter.py:285]
[INFO] 2024-08-29T09:33:01.913002 Epoch 3 - Block 1 [Training] Throughput (samples/second): 15.8714 [/home/gohan/projects/PFS/DLIO/my-venv/lib/python3.11/site-packages/dlio_benchmark/utils/statscounter.py:286]
[INFO] 2024-08-29T09:33:01.913419 Ending epoch 3 - 4 steps completed in 4.04 s [/home/gohan/projects/PFS/DLIO/my-venv/lib/python3.11/site-packages/dlio_benchmark/utils/statscounter.py:225]
[INFO] 2024-08-29T09:33:01.915937 Starting eval - 2 steps expected [/home/gohan/projects/PFS/DLIO/my-venv/lib/python3.11/site-packages/dlio_benchmark/utils/statscounter.py:231]
[INFO] 2024-08-29T09:33:02.425499 Rank 1 step 1 processed 1 samples in 0.5119855403900146 s [/home/gohan/projects/PFS/DLIO/my-venv/lib/python3.11/site-packages/dlio_benchmark/utils/statscounter.py:361]
[INFO] 2024-08-29T09:33:02.428314 Rank 0 step 1 processed 1 samples in 0.5122179985046387 s [/home/gohan/projects/PFS/DLIO/my-venv/lib/python3.11/site-packages/dlio_benchmark/utils/statscounter.py:361]
[INFO] 2024-08-29T09:33:02.430871 Rank 2 step 1 processed 1 samples in 0.5172841548919678 s [/home/gohan/projects/PFS/DLIO/my-venv/lib/python3.11/site-packages/dlio_benchmark/utils/statscounter.py:361]
[INFO] 2024-08-29T09:33:02.431348 Rank 3 step 1 processed 1 samples in 0.5178325176239014 s [/home/gohan/projects/PFS/DLIO/my-venv/lib/python3.11/site-packages/dlio_benchmark/utils/statscounter.py:361]
[INFO] 2024-08-29T09:33:02.929926 Rank 1 step 2 processed 1 samples in 0.5039935111999512 s [/home/gohan/projects/PFS/DLIO/my-venv/lib/python3.11/site-packages/dlio_benchmark/utils/statscounter.py:361]
[INFO] 2024-08-29T09:33:02.931289 Rank 0 step 2 processed 1 samples in 0.502704381942749 s [/home/gohan/projects/PFS/DLIO/my-venv/lib/python3.11/site-packages/dlio_benchmark/utils/statscounter.py:361]
[INFO] 2024-08-29T09:33:02.931660 Ending eval - 2 steps completed in 1.02 s [/home/gohan/projects/PFS/DLIO/my-venv/lib/python3.11/site-packages/dlio_benchmark/utils/statscounter.py:249]
[INFO] 2024-08-29T09:33:02.933296 Rank 3 step 2 processed 1 samples in 0.5017240047454834 s [/home/gohan/projects/PFS/DLIO/my-venv/lib/python3.11/site-packages/dlio_benchmark/utils/statscounter.py:361]
[INFO] 2024-08-29T09:33:02.933396 Epoch 3 [Eval] Accelerator Utilization [AU] (%): 99.3181 [/home/gohan/projects/PFS/DLIO/my-venv/lib/python3.11/site-packages/dlio_benchmark/utils/statscounter.py:252]
[INFO] 2024-08-29T09:33:02.933476 Epoch 3 [Eval] Throughput (samples/second): 7.8767 [/home/gohan/projects/PFS/DLIO/my-venv/lib/python3.11/site-packages/dlio_benchmark/utils/statscounter.py:253]
[INFO] 2024-08-29T09:33:02.933751 Starting epoch 4: 4 steps expected [/home/gohan/projects/PFS/DLIO/my-venv/lib/python3.11/site-packages/dlio_benchmark/utils/statscounter.py:192]
[INFO] 2024-08-29T09:33:02.933947 Rank 2 step 2 processed 1 samples in 0.5028209686279297 s [/home/gohan/projects/PFS/DLIO/my-venv/lib/python3.11/site-packages/dlio_benchmark/utils/statscounter.py:361]
[INFO] 2024-08-29T09:33:02.934075 Starting block 1 [/home/gohan/projects/PFS/DLIO/my-venv/lib/python3.11/site-packages/dlio_benchmark/utils/statscounter.py:264]
[INFO] 2024-08-29T09:33:03.946181 Rank 1 step 1 processed 4 samples in 1.0152647495269775 s [/home/gohan/projects/PFS/DLIO/my-venv/lib/python3.11/site-packages/dlio_benchmark/utils/statscounter.py:325]
[INFO] 2024-08-29T09:33:03.953400 Rank 0 step 1 processed 4 samples in 1.019158124923706 s [/home/gohan/projects/PFS/DLIO/my-venv/lib/python3.11/site-packages/dlio_benchmark/utils/statscounter.py:325]
[INFO] 2024-08-29T09:33:03.960687 Rank 3 step 1 processed 4 samples in 1.0259618759155273 s [/home/gohan/projects/PFS/DLIO/my-venv/lib/python3.11/site-packages/dlio_benchmark/utils/statscounter.py:325]
[INFO] 2024-08-29T09:33:03.961859 Rank 2 step 1 processed 4 samples in 1.0265378952026367 s [/home/gohan/projects/PFS/DLIO/my-venv/lib/python3.11/site-packages/dlio_benchmark/utils/statscounter.py:325]
[INFO] 2024-08-29T09:33:04.964823 Rank 2 step 2 processed 4 samples in 1.0026109218597412 s [/home/gohan/projects/PFS/DLIO/my-venv/lib/python3.11/site-packages/dlio_benchmark/utils/statscounter.py:325]
[INFO] 2024-08-29T09:33:04.965200 Rank 0 step 2 processed 4 samples in 1.0029833316802979 s [/home/gohan/projects/PFS/DLIO/my-venv/lib/python3.11/site-packages/dlio_benchmark/utils/statscounter.py:325]
[INFO] 2024-08-29T09:33:04.965221 Rank 3 step 2 processed 4 samples in 1.003002405166626 s [/home/gohan/projects/PFS/DLIO/my-venv/lib/python3.11/site-packages/dlio_benchmark/utils/statscounter.py:325]
[INFO] 2024-08-29T09:33:04.969340 Rank 1 step 2 processed 4 samples in 1.005112886428833 s [/home/gohan/projects/PFS/DLIO/my-venv/lib/python3.11/site-packages/dlio_benchmark/utils/statscounter.py:325]
[INFO] 2024-08-29T09:33:05.972237 Rank 2 step 3 processed 4 samples in 1.0025322437286377 s [/home/gohan/projects/PFS/DLIO/my-venv/lib/python3.11/site-packages/dlio_benchmark/utils/statscounter.py:325]
[INFO] 2024-08-29T09:33:05.972238 Rank 0 step 3 processed 4 samples in 1.0025334358215332 s [/home/gohan/projects/PFS/DLIO/my-venv/lib/python3.11/site-packages/dlio_benchmark/utils/statscounter.py:325]
[INFO] 2024-08-29T09:33:05.972263 Rank 3 step 3 processed 4 samples in 1.002547264099121 s [/home/gohan/projects/PFS/DLIO/my-venv/lib/python3.11/site-packages/dlio_benchmark/utils/statscounter.py:325]
[INFO] 2024-08-29T09:33:05.972988 Rank 1 step 3 processed 4 samples in 1.0032992362976074 s [/home/gohan/projects/PFS/DLIO/my-venv/lib/python3.11/site-packages/dlio_benchmark/utils/statscounter.py:325]
[INFO] 2024-08-29T09:33:06.975985 Rank 0 step 4 processed 4 samples in 1.002650260925293 s [/home/gohan/projects/PFS/DLIO/my-venv/lib/python3.11/site-packages/dlio_benchmark/utils/statscounter.py:325]
[INFO] 2024-08-29T09:33:06.975929 Rank 2 step 4 processed 4 samples in 1.0025954246520996 s [/home/gohan/projects/PFS/DLIO/my-venv/lib/python3.11/site-packages/dlio_benchmark/utils/statscounter.py:325]
[INFO] 2024-08-29T09:33:06.976112 Rank 1 step 4 processed 4 samples in 1.0027880668640137 s [/home/gohan/projects/PFS/DLIO/my-venv/lib/python3.11/site-packages/dlio_benchmark/utils/statscounter.py:325]
[INFO] 2024-08-29T09:33:06.987937 Rank 3 step 4 processed 4 samples in 1.0145924091339111 s [/home/gohan/projects/PFS/DLIO/my-venv/lib/python3.11/site-packages/dlio_benchmark/utils/statscounter.py:325]
[INFO] 2024-08-29T09:33:06.989236 Maximum number of steps reached [/home/gohan/projects/PFS/DLIO/my-venv/lib/python3.11/site-packages/dlio_benchmark/main.py:289]
[INFO] 2024-08-29T09:33:06.992443 Ending block 1 - 4 steps completed in 4.06 s [/home/gohan/projects/PFS/DLIO/my-venv/lib/python3.11/site-packages/dlio_benchmark/utils/statscounter.py:282]
[INFO] 2024-08-29T09:33:06.993871 Epoch 4 - Block 1 [Training] Accelerator Utilization [AU] (%): 98.7129 [/home/gohan/projects/PFS/DLIO/my-venv/lib/python3.11/site-packages/dlio_benchmark/utils/statscounter.py:285]
[INFO] 2024-08-29T09:33:06.994835 Epoch 4 - Block 1 [Training] Throughput (samples/second): 15.7702 [/home/gohan/projects/PFS/DLIO/my-venv/lib/python3.11/site-packages/dlio_benchmark/utils/statscounter.py:286]
[INFO] 2024-08-29T09:33:06.997516 Ending epoch 4 - 4 steps completed in 4.06 s [/home/gohan/projects/PFS/DLIO/my-venv/lib/python3.11/site-packages/dlio_benchmark/utils/statscounter.py:225]
[INFO] 2024-08-29T09:33:06.998630 Starting eval - 2 steps expected [/home/gohan/projects/PFS/DLIO/my-venv/lib/python3.11/site-packages/dlio_benchmark/utils/statscounter.py:231]
[INFO] 2024-08-29T09:33:07.507401 Rank 0 step 1 processed 1 samples in 0.5086913108825684 s [/home/gohan/projects/PFS/DLIO/my-venv/lib/python3.11/site-packages/dlio_benchmark/utils/statscounter.py:361]
[INFO] 2024-08-29T09:33:07.507538 Rank 3 step 1 processed 1 samples in 0.5098452568054199 s [/home/gohan/projects/PFS/DLIO/my-venv/lib/python3.11/site-packages/dlio_benchmark/utils/statscounter.py:361]
[INFO] 2024-08-29T09:33:07.509026 Rank 1 step 1 processed 1 samples in 0.5113592147827148 s [/home/gohan/projects/PFS/DLIO/my-venv/lib/python3.11/site-packages/dlio_benchmark/utils/statscounter.py:361]
[INFO] 2024-08-29T09:33:07.510104 Rank 2 step 1 processed 1 samples in 0.5114011764526367 s [/home/gohan/projects/PFS/DLIO/my-venv/lib/python3.11/site-packages/dlio_benchmark/utils/statscounter.py:361]
[INFO] 2024-08-29T09:33:08.010859 Rank 3 step 2 processed 1 samples in 0.5030744075775146 s [/home/gohan/projects/PFS/DLIO/my-venv/lib/python3.11/site-packages/dlio_benchmark/utils/statscounter.py:361]
[INFO] 2024-08-29T09:33:08.011479 Rank 0 step 2 processed 1 samples in 0.5037877559661865 s [/home/gohan/projects/PFS/DLIO/my-venv/lib/python3.11/site-packages/dlio_benchmark/utils/statscounter.py:361]
[INFO] 2024-08-29T09:33:08.012709 Rank 2 step 2 processed 1 samples in 0.5023398399353027 s [/home/gohan/projects/PFS/DLIO/my-venv/lib/python3.11/site-packages/dlio_benchmark/utils/statscounter.py:361]
[INFO] 2024-08-29T09:33:08.012848 Rank 1 step 2 processed 1 samples in 0.5035495758056641 s [/home/gohan/projects/PFS/DLIO/my-venv/lib/python3.11/site-packages/dlio_benchmark/utils/statscounter.py:361]
[INFO] 2024-08-29T09:33:08.012158 Ending eval - 2 steps completed in 1.01 s [/home/gohan/projects/PFS/DLIO/my-venv/lib/python3.11/site-packages/dlio_benchmark/utils/statscounter.py:249]
[INFO] 2024-08-29T09:33:08.014517 Epoch 4 [Eval] Accelerator Utilization [AU] (%): 99.0681 [/home/gohan/projects/PFS/DLIO/my-venv/lib/python3.11/site-packages/dlio_benchmark/utils/statscounter.py:252]
[INFO] 2024-08-29T09:33:08.014647 Epoch 4 [Eval] Throughput (samples/second): 7.8943 [/home/gohan/projects/PFS/DLIO/my-venv/lib/python3.11/site-packages/dlio_benchmark/utils/statscounter.py:253]
[INFO] 2024-08-29T09:33:08.014995 Starting epoch 5: 4 steps expected [/home/gohan/projects/PFS/DLIO/my-venv/lib/python3.11/site-packages/dlio_benchmark/utils/statscounter.py:192]
[INFO] 2024-08-29T09:33:08.015347 Starting block 1 [/home/gohan/projects/PFS/DLIO/my-venv/lib/python3.11/site-packages/dlio_benchmark/utils/statscounter.py:264]
[INFO] 2024-08-29T09:33:09.024990 Rank 1 step 1 processed 4 samples in 1.011031150817871 s [/home/gohan/projects/PFS/DLIO/my-venv/lib/python3.11/site-packages/dlio_benchmark/utils/statscounter.py:325]
[INFO] 2024-08-29T09:33:09.025557 Rank 2 step 1 processed 4 samples in 1.0112104415893555 s [/home/gohan/projects/PFS/DLIO/my-venv/lib/python3.11/site-packages/dlio_benchmark/utils/statscounter.py:325]
[INFO] 2024-08-29T09:33:09.027139 Rank 0 step 1 processed 4 samples in 1.0116074085235596 s [/home/gohan/projects/PFS/DLIO/my-venv/lib/python3.11/site-packages/dlio_benchmark/utils/statscounter.py:325]
[INFO] 2024-08-29T09:33:09.028616 Rank 3 step 1 processed 4 samples in 1.0162250995635986 s [/home/gohan/projects/PFS/DLIO/my-venv/lib/python3.11/site-packages/dlio_benchmark/utils/statscounter.py:325]
[INFO] 2024-08-29T09:33:10.031845 Rank 2 step 2 processed 4 samples in 1.0028245449066162 s [/home/gohan/projects/PFS/DLIO/my-venv/lib/python3.11/site-packages/dlio_benchmark/utils/statscounter.py:325]
[INFO] 2024-08-29T09:33:10.032242 Rank 3 step 2 processed 4 samples in 1.0032134056091309 s [/home/gohan/projects/PFS/DLIO/my-venv/lib/python3.11/site-packages/dlio_benchmark/utils/statscounter.py:325]
[INFO] 2024-08-29T09:33:10.032325 Rank 0 step 2 processed 4 samples in 1.0033023357391357 s [/home/gohan/projects/PFS/DLIO/my-venv/lib/python3.11/site-packages/dlio_benchmark/utils/statscounter.py:325]
[INFO] 2024-08-29T09:33:10.032526 Rank 1 step 2 processed 4 samples in 1.0035204887390137 s [/home/gohan/projects/PFS/DLIO/my-venv/lib/python3.11/site-packages/dlio_benchmark/utils/statscounter.py:325]
[INFO] 2024-08-29T09:33:11.037039 Rank 3 step 3 processed 4 samples in 1.0037732124328613 s [/home/gohan/projects/PFS/DLIO/my-venv/lib/python3.11/site-packages/dlio_benchmark/utils/statscounter.py:325]
[INFO] 2024-08-29T09:33:11.037031 Rank 2 step 3 processed 4 samples in 1.003770112991333 s [/home/gohan/projects/PFS/DLIO/my-venv/lib/python3.11/site-packages/dlio_benchmark/utils/statscounter.py:325]
[INFO] 2024-08-29T09:33:11.037309 Rank 0 step 3 processed 4 samples in 1.0040488243103027 s [/home/gohan/projects/PFS/DLIO/my-venv/lib/python3.11/site-packages/dlio_benchmark/utils/statscounter.py:325]
[INFO] 2024-08-29T09:33:11.040478 Rank 1 step 3 processed 4 samples in 1.0072627067565918 s [/home/gohan/projects/PFS/DLIO/my-venv/lib/python3.11/site-packages/dlio_benchmark/utils/statscounter.py:325]
[INFO] 2024-08-29T09:33:12.044014 Rank 1 step 4 processed 4 samples in 1.0031569004058838 s [/home/gohan/projects/PFS/DLIO/my-venv/lib/python3.11/site-packages/dlio_benchmark/utils/statscounter.py:325]
[INFO] 2024-08-29T09:33:12.044031 Rank 2 step 4 processed 4 samples in 1.0031466484069824 s [/home/gohan/projects/PFS/DLIO/my-venv/lib/python3.11/site-packages/dlio_benchmark/utils/statscounter.py:325]
[INFO] 2024-08-29T09:33:12.044236 Rank 3 step 4 processed 4 samples in 1.0033345222473145 s [/home/gohan/projects/PFS/DLIO/my-venv/lib/python3.11/site-packages/dlio_benchmark/utils/statscounter.py:325]
[INFO] 2024-08-29T09:33:12.050890 Rank 0 step 4 processed 4 samples in 1.0100090503692627 s [/home/gohan/projects/PFS/DLIO/my-venv/lib/python3.11/site-packages/dlio_benchmark/utils/statscounter.py:325]
[INFO] 2024-08-29T09:33:12.051186 Maximum number of steps reached [/home/gohan/projects/PFS/DLIO/my-venv/lib/python3.11/site-packages/dlio_benchmark/main.py:289]
[INFO] 2024-08-29T09:33:12.051386 Ending block 1 - 4 steps completed in 4.04 s [/home/gohan/projects/PFS/DLIO/my-venv/lib/python3.11/site-packages/dlio_benchmark/utils/statscounter.py:282]
[INFO] 2024-08-29T09:33:12.053518 Epoch 5 - Block 1 [Training] Accelerator Utilization [AU] (%): 99.1944 [/home/gohan/projects/PFS/DLIO/my-venv/lib/python3.11/site-packages/dlio_benchmark/utils/statscounter.py:285]
[INFO] 2024-08-29T09:33:12.053608 Epoch 5 - Block 1 [Training] Throughput (samples/second): 15.8574 [/home/gohan/projects/PFS/DLIO/my-venv/lib/python3.11/site-packages/dlio_benchmark/utils/statscounter.py:286]
[INFO] 2024-08-29T09:33:12.054012 Ending epoch 5 - 4 steps completed in 4.04 s [/home/gohan/projects/PFS/DLIO/my-venv/lib/python3.11/site-packages/dlio_benchmark/utils/statscounter.py:225]
[INFO] 2024-08-29T09:33:12.056903 Starting eval - 2 steps expected [/home/gohan/projects/PFS/DLIO/my-venv/lib/python3.11/site-packages/dlio_benchmark/utils/statscounter.py:231]
[INFO] 2024-08-29T09:33:12.562185 Rank 1 step 1 processed 1 samples in 0.508110523223877 s [/home/gohan/projects/PFS/DLIO/my-venv/lib/python3.11/site-packages/dlio_benchmark/utils/statscounter.py:361]
[INFO] 2024-08-29T09:33:12.562711 Rank 2 step 1 processed 1 samples in 0.5085899829864502 s [/home/gohan/projects/PFS/DLIO/my-venv/lib/python3.11/site-packages/dlio_benchmark/utils/statscounter.py:361]
[INFO] 2024-08-29T09:33:12.562654 Rank 3 step 1 processed 1 samples in 0.5077958106994629 s [/home/gohan/projects/PFS/DLIO/my-venv/lib/python3.11/site-packages/dlio_benchmark/utils/statscounter.py:361]
[INFO] 2024-08-29T09:33:12.565664 Rank 0 step 1 processed 1 samples in 0.5086352825164795 s [/home/gohan/projects/PFS/DLIO/my-venv/lib/python3.11/site-packages/dlio_benchmark/utils/statscounter.py:361]
[INFO] 2024-08-29T09:33:13.065041 Rank 3 step 2 processed 1 samples in 0.5020673274993896 s [/home/gohan/projects/PFS/DLIO/my-venv/lib/python3.11/site-packages/dlio_benchmark/utils/statscounter.py:361]
[INFO] 2024-08-29T09:33:13.065154 Rank 1 step 2 processed 1 samples in 0.5026981830596924 s [/home/gohan/projects/PFS/DLIO/my-venv/lib/python3.11/site-packages/dlio_benchmark/utils/statscounter.py:361]
[INFO] 2024-08-29T09:33:13.065402 Rank 2 step 2 processed 1 samples in 0.5024182796478271 s [/home/gohan/projects/PFS/DLIO/my-venv/lib/python3.11/site-packages/dlio_benchmark/utils/statscounter.py:361]
[INFO] 2024-08-29T09:33:13.068426 Rank 0 step 2 processed 1 samples in 0.5024232864379883 s [/home/gohan/projects/PFS/DLIO/my-venv/lib/python3.11/site-packages/dlio_benchmark/utils/statscounter.py:361]
[INFO] 2024-08-29T09:33:13.069190 Ending eval - 2 steps completed in 1.01 s [/home/gohan/projects/PFS/DLIO/my-venv/lib/python3.11/site-packages/dlio_benchmark/utils/statscounter.py:249]
[INFO] 2024-08-29T09:33:13.070962 Epoch 5 [Eval] Accelerator Utilization [AU] (%): 99.2921 [/home/gohan/projects/PFS/DLIO/my-venv/lib/python3.11/site-packages/dlio_benchmark/utils/statscounter.py:252]
[INFO] 2024-08-29T09:33:13.071063 Epoch 5 [Eval] Throughput (samples/second): 7.9036 [/home/gohan/projects/PFS/DLIO/my-venv/lib/python3.11/site-packages/dlio_benchmark/utils/statscounter.py:253]
[INFO] 2024-08-29T09:33:13.071343 Starting epoch 6: 4 steps expected [/home/gohan/projects/PFS/DLIO/my-venv/lib/python3.11/site-packages/dlio_benchmark/utils/statscounter.py:192]
[INFO] 2024-08-29T09:33:13.071626 Starting block 1 [/home/gohan/projects/PFS/DLIO/my-venv/lib/python3.11/site-packages/dlio_benchmark/utils/statscounter.py:264]
[INFO] 2024-08-29T09:33:14.076911 Rank 2 step 1 processed 4 samples in 1.009995460510254 s [/home/gohan/projects/PFS/DLIO/my-venv/lib/python3.11/site-packages/dlio_benchmark/utils/statscounter.py:325]
[INFO] 2024-08-29T09:33:14.079646 Rank 1 step 1 processed 4 samples in 1.0132322311401367 s [/home/gohan/projects/PFS/DLIO/my-venv/lib/python3.11/site-packages/dlio_benchmark/utils/statscounter.py:325]
[INFO] 2024-08-29T09:33:14.082004 Rank 3 step 1 processed 4 samples in 1.0155375003814697 s [/home/gohan/projects/PFS/DLIO/my-venv/lib/python3.11/site-packages/dlio_benchmark/utils/statscounter.py:325]
[INFO] 2024-08-29T09:33:14.083128 Rank 0 step 1 processed 4 samples in 1.0113568305969238 s [/home/gohan/projects/PFS/DLIO/my-venv/lib/python3.11/site-packages/dlio_benchmark/utils/statscounter.py:325]
[INFO] 2024-08-29T09:33:15.085859 Rank 0 step 2 processed 4 samples in 1.0023977756500244 s [/home/gohan/projects/PFS/DLIO/my-venv/lib/python3.11/site-packages/dlio_benchmark/utils/statscounter.py:325]
[INFO] 2024-08-29T09:33:15.085852 Rank 2 step 2 processed 4 samples in 1.0023901462554932 s [/home/gohan/projects/PFS/DLIO/my-venv/lib/python3.11/site-packages/dlio_benchmark/utils/statscounter.py:325]
[INFO] 2024-08-29T09:33:15.086043 Rank 1 step 2 processed 4 samples in 1.0025880336761475 s [/home/gohan/projects/PFS/DLIO/my-venv/lib/python3.11/site-packages/dlio_benchmark/utils/statscounter.py:325]
[INFO] 2024-08-29T09:33:15.086057 Rank 3 step 2 processed 4 samples in 1.0025854110717773 s [/home/gohan/projects/PFS/DLIO/my-venv/lib/python3.11/site-packages/dlio_benchmark/utils/statscounter.py:325]
[INFO] 2024-08-29T09:33:16.087628 Rank 3 step 3 processed 4 samples in 1.0014009475708008 s [/home/gohan/projects/PFS/DLIO/my-venv/lib/python3.11/site-packages/dlio_benchmark/utils/statscounter.py:325]
[INFO] 2024-08-29T09:33:16.087837 Rank 1 step 3 processed 4 samples in 1.0016238689422607 s [/home/gohan/projects/PFS/DLIO/my-venv/lib/python3.11/site-packages/dlio_benchmark/utils/statscounter.py:325]
[INFO] 2024-08-29T09:33:16.087947 Rank 2 step 3 processed 4 samples in 1.0017204284667969 s [/home/gohan/projects/PFS/DLIO/my-venv/lib/python3.11/site-packages/dlio_benchmark/utils/statscounter.py:325]
[INFO] 2024-08-29T09:33:16.090076 Rank 0 step 3 processed 4 samples in 1.0038533210754395 s [/home/gohan/projects/PFS/DLIO/my-venv/lib/python3.11/site-packages/dlio_benchmark/utils/statscounter.py:325]
[INFO] 2024-08-29T09:33:17.093428 Rank 3 step 4 processed 4 samples in 1.0028626918792725 s [/home/gohan/projects/PFS/DLIO/my-venv/lib/python3.11/site-packages/dlio_benchmark/utils/statscounter.py:325]
[INFO] 2024-08-29T09:33:17.093536 Rank 2 step 4 processed 4 samples in 1.002978801727295 s [/home/gohan/projects/PFS/DLIO/my-venv/lib/python3.11/site-packages/dlio_benchmark/utils/statscounter.py:325]
[INFO] 2024-08-29T09:33:17.093551 Rank 1 step 4 processed 4 samples in 1.0030181407928467 s [/home/gohan/projects/PFS/DLIO/my-venv/lib/python3.11/site-packages/dlio_benchmark/utils/statscounter.py:325]
[INFO] 2024-08-29T09:33:17.093600 Rank 0 step 4 processed 4 samples in 1.0030434131622314 s [/home/gohan/projects/PFS/DLIO/my-venv/lib/python3.11/site-packages/dlio_benchmark/utils/statscounter.py:325]
[INFO] 2024-08-29T09:33:17.094084 Maximum number of steps reached [/home/gohan/projects/PFS/DLIO/my-venv/lib/python3.11/site-packages/dlio_benchmark/main.py:289]
[INFO] 2024-08-29T09:33:17.094411 Ending block 1 - 4 steps completed in 4.02 s [/home/gohan/projects/PFS/DLIO/my-venv/lib/python3.11/site-packages/dlio_benchmark/utils/statscounter.py:282]
[INFO] 2024-08-29T09:33:17.097220 Epoch 6 - Block 1 [Training] Accelerator Utilization [AU] (%): 99.6244 [/home/gohan/projects/PFS/DLIO/my-venv/lib/python3.11/site-packages/dlio_benchmark/utils/statscounter.py:285]
[INFO] 2024-08-29T09:33:17.097324 Epoch 6 - Block 1 [Training] Throughput (samples/second): 15.9098 [/home/gohan/projects/PFS/DLIO/my-venv/lib/python3.11/site-packages/dlio_benchmark/utils/statscounter.py:286]
[INFO] 2024-08-29T09:33:17.097839 Ending epoch 6 - 4 steps completed in 4.03 s [/home/gohan/projects/PFS/DLIO/my-venv/lib/python3.11/site-packages/dlio_benchmark/utils/statscounter.py:225]
[INFO] 2024-08-29T09:33:17.101674 Starting eval - 2 steps expected [/home/gohan/projects/PFS/DLIO/my-venv/lib/python3.11/site-packages/dlio_benchmark/utils/statscounter.py:231]
[INFO] 2024-08-29T09:33:17.609601 Rank 1 step 1 processed 1 samples in 0.5115594863891602 s [/home/gohan/projects/PFS/DLIO/my-venv/lib/python3.11/site-packages/dlio_benchmark/utils/statscounter.py:361]
[INFO] 2024-08-29T09:33:17.609846 Rank 2 step 1 processed 1 samples in 0.5118708610534668 s [/home/gohan/projects/PFS/DLIO/my-venv/lib/python3.11/site-packages/dlio_benchmark/utils/statscounter.py:361]
[INFO] 2024-08-29T09:33:17.611039 Rank 3 step 1 processed 1 samples in 0.5128788948059082 s [/home/gohan/projects/PFS/DLIO/my-venv/lib/python3.11/site-packages/dlio_benchmark/utils/statscounter.py:361]
[INFO] 2024-08-29T09:33:17.613912 Rank 0 step 1 processed 1 samples in 0.5118706226348877 s [/home/gohan/projects/PFS/DLIO/my-venv/lib/python3.11/site-packages/dlio_benchmark/utils/statscounter.py:361]
[INFO] 2024-08-29T09:33:18.113328 Rank 1 step 2 processed 1 samples in 0.503267765045166 s [/home/gohan/projects/PFS/DLIO/my-venv/lib/python3.11/site-packages/dlio_benchmark/utils/statscounter.py:361]
[INFO] 2024-08-29T09:33:18.114392 Rank 3 step 2 processed 1 samples in 0.5029301643371582 s [/home/gohan/projects/PFS/DLIO/my-venv/lib/python3.11/site-packages/dlio_benchmark/utils/statscounter.py:361]
[INFO] 2024-08-29T09:33:18.114391 Rank 2 step 2 processed 1 samples in 0.5041265487670898 s [/home/gohan/projects/PFS/DLIO/my-venv/lib/python3.11/site-packages/dlio_benchmark/utils/statscounter.py:361]
[INFO] 2024-08-29T09:33:18.116766 Rank 0 step 2 processed 1 samples in 0.5025568008422852 s [/home/gohan/projects/PFS/DLIO/my-venv/lib/python3.11/site-packages/dlio_benchmark/utils/statscounter.py:361]
[INFO] 2024-08-29T09:33:18.117192 Ending eval - 2 steps completed in 1.02 s [/home/gohan/projects/PFS/DLIO/my-venv/lib/python3.11/site-packages/dlio_benchmark/utils/statscounter.py:249]
[INFO] 2024-08-29T09:33:18.119174 Epoch 6 [Eval] Accelerator Utilization [AU] (%): 99.2921 [/home/gohan/projects/PFS/DLIO/my-venv/lib/python3.11/site-packages/dlio_benchmark/utils/statscounter.py:252]
[INFO] 2024-08-29T09:33:18.119260 Epoch 6 [Eval] Throughput (samples/second): 7.8784 [/home/gohan/projects/PFS/DLIO/my-venv/lib/python3.11/site-packages/dlio_benchmark/utils/statscounter.py:253]
[INFO] 2024-08-29T09:33:18.119556 Starting epoch 7: 4 steps expected [/home/gohan/projects/PFS/DLIO/my-venv/lib/python3.11/site-packages/dlio_benchmark/utils/statscounter.py:192]
[INFO] 2024-08-29T09:33:18.119851 Starting block 1 [/home/gohan/projects/PFS/DLIO/my-venv/lib/python3.11/site-packages/dlio_benchmark/utils/statscounter.py:264]
[INFO] 2024-08-29T09:33:19.128815 Rank 1 step 1 processed 4 samples in 1.0140345096588135 s [/home/gohan/projects/PFS/DLIO/my-venv/lib/python3.11/site-packages/dlio_benchmark/utils/statscounter.py:325]
[INFO] 2024-08-29T09:33:19.129839 Rank 0 step 1 processed 4 samples in 1.00986647605896 s [/home/gohan/projects/PFS/DLIO/my-venv/lib/python3.11/site-packages/dlio_benchmark/utils/statscounter.py:325]
[INFO] 2024-08-29T09:33:19.134223 Rank 2 step 1 processed 4 samples in 1.0182971954345703 s [/home/gohan/projects/PFS/DLIO/my-venv/lib/python3.11/site-packages/dlio_benchmark/utils/statscounter.py:325]
[INFO] 2024-08-29T09:33:19.138966 Rank 3 step 1 processed 4 samples in 1.0227627754211426 s [/home/gohan/projects/PFS/DLIO/my-venv/lib/python3.11/site-packages/dlio_benchmark/utils/statscounter.py:325]
[INFO] 2024-08-29T09:33:20.144525 Rank 3 step 2 processed 4 samples in 1.0024876594543457 s [/home/gohan/projects/PFS/DLIO/my-venv/lib/python3.11/site-packages/dlio_benchmark/utils/statscounter.py:325]
[INFO] 2024-08-29T09:33:20.145093 Rank 2 step 2 processed 4 samples in 1.0030581951141357 s [/home/gohan/projects/PFS/DLIO/my-venv/lib/python3.11/site-packages/dlio_benchmark/utils/statscounter.py:325]
[INFO] 2024-08-29T09:33:20.147452 Rank 0 step 2 processed 4 samples in 1.0054206848144531 s [/home/gohan/projects/PFS/DLIO/my-venv/lib/python3.11/site-packages/dlio_benchmark/utils/statscounter.py:325]
[INFO] 2024-08-29T09:33:20.147776 Rank 1 step 2 processed 4 samples in 1.0049898624420166 s [/home/gohan/projects/PFS/DLIO/my-venv/lib/python3.11/site-packages/dlio_benchmark/utils/statscounter.py:325]
[INFO] 2024-08-29T09:33:21.151000 Rank 3 step 3 processed 4 samples in 1.0028698444366455 s [/home/gohan/projects/PFS/DLIO/my-venv/lib/python3.11/site-packages/dlio_benchmark/utils/statscounter.py:325]
[INFO] 2024-08-29T09:33:21.160590 Rank 2 step 3 processed 4 samples in 1.0124812126159668 s [/home/gohan/projects/PFS/DLIO/my-venv/lib/python3.11/site-packages/dlio_benchmark/utils/statscounter.py:325]
[INFO] 2024-08-29T09:33:21.160588 Rank 0 step 3 processed 4 samples in 1.0124785900115967 s [/home/gohan/projects/PFS/DLIO/my-venv/lib/python3.11/site-packages/dlio_benchmark/utils/statscounter.py:325]
[INFO] 2024-08-29T09:33:21.167501 Rank 1 step 3 processed 4 samples in 1.0194175243377686 s [/home/gohan/projects/PFS/DLIO/my-venv/lib/python3.11/site-packages/dlio_benchmark/utils/statscounter.py:325]
[INFO] 2024-08-29T09:33:22.170258 Rank 1 step 4 processed 4 samples in 1.0025243759155273 s [/home/gohan/projects/PFS/DLIO/my-venv/lib/python3.11/site-packages/dlio_benchmark/utils/statscounter.py:325]
[INFO] 2024-08-29T09:33:22.170265 Rank 2 step 4 processed 4 samples in 1.0025122165679932 s [/home/gohan/projects/PFS/DLIO/my-venv/lib/python3.11/site-packages/dlio_benchmark/utils/statscounter.py:325]
[INFO] 2024-08-29T09:33:22.170418 Rank 0 step 4 processed 4 samples in 1.002661943435669 s [/home/gohan/projects/PFS/DLIO/my-venv/lib/python3.11/site-packages/dlio_benchmark/utils/statscounter.py:325]
[INFO] 2024-08-29T09:33:22.170501 Rank 3 step 4 processed 4 samples in 1.0027310848236084 s [/home/gohan/projects/PFS/DLIO/my-venv/lib/python3.11/site-packages/dlio_benchmark/utils/statscounter.py:325]
[INFO] 2024-08-29T09:33:22.170823 Maximum number of steps reached [/home/gohan/projects/PFS/DLIO/my-venv/lib/python3.11/site-packages/dlio_benchmark/main.py:289]
[INFO] 2024-08-29T09:33:22.171124 Ending block 1 - 4 steps completed in 4.05 s [/home/gohan/projects/PFS/DLIO/my-venv/lib/python3.11/site-packages/dlio_benchmark/utils/statscounter.py:282]
[INFO] 2024-08-29T09:33:22.173786 Epoch 7 - Block 1 [Training] Accelerator Utilization [AU] (%): 98.6415 [/home/gohan/projects/PFS/DLIO/my-venv/lib/python3.11/site-packages/dlio_benchmark/utils/statscounter.py:285]
[INFO] 2024-08-29T09:33:22.173910 Epoch 7 - Block 1 [Training] Throughput (samples/second): 15.7979 [/home/gohan/projects/PFS/DLIO/my-venv/lib/python3.11/site-packages/dlio_benchmark/utils/statscounter.py:286]
[INFO] 2024-08-29T09:33:22.174436 Ending epoch 7 - 4 steps completed in 4.05 s [/home/gohan/projects/PFS/DLIO/my-venv/lib/python3.11/site-packages/dlio_benchmark/utils/statscounter.py:225]
[INFO] 2024-08-29T09:33:22.176537 Starting eval - 2 steps expected [/home/gohan/projects/PFS/DLIO/my-venv/lib/python3.11/site-packages/dlio_benchmark/utils/statscounter.py:231]
[INFO] 2024-08-29T09:33:22.683824 Rank 3 step 1 processed 1 samples in 0.5091960430145264 s [/home/gohan/projects/PFS/DLIO/my-venv/lib/python3.11/site-packages/dlio_benchmark/utils/statscounter.py:361]
[INFO] 2024-08-29T09:33:22.683731 Rank 2 step 1 processed 1 samples in 0.5092346668243408 s [/home/gohan/projects/PFS/DLIO/my-venv/lib/python3.11/site-packages/dlio_benchmark/utils/statscounter.py:361]
[INFO] 2024-08-29T09:33:22.684413 Rank 1 step 1 processed 1 samples in 0.509894609451294 s [/home/gohan/projects/PFS/DLIO/my-venv/lib/python3.11/site-packages/dlio_benchmark/utils/statscounter.py:361]
[INFO] 2024-08-29T09:33:22.687807 Rank 0 step 1 processed 1 samples in 0.5111510753631592 s [/home/gohan/projects/PFS/DLIO/my-venv/lib/python3.11/site-packages/dlio_benchmark/utils/statscounter.py:361]
[INFO] 2024-08-29T09:33:23.187794 Rank 3 step 2 processed 1 samples in 0.5035085678100586 s [/home/gohan/projects/PFS/DLIO/my-venv/lib/python3.11/site-packages/dlio_benchmark/utils/statscounter.py:361]
[INFO] 2024-08-29T09:33:23.188483 Rank 2 step 2 processed 1 samples in 0.5041987895965576 s [/home/gohan/projects/PFS/DLIO/my-venv/lib/python3.11/site-packages/dlio_benchmark/utils/statscounter.py:361]
[INFO] 2024-08-29T09:33:23.188824 Rank 1 step 2 processed 1 samples in 0.5039892196655273 s [/home/gohan/projects/PFS/DLIO/my-venv/lib/python3.11/site-packages/dlio_benchmark/utils/statscounter.py:361]
[INFO] 2024-08-29T09:33:23.190871 Rank 0 step 2 processed 1 samples in 0.5026483535766602 s [/home/gohan/projects/PFS/DLIO/my-venv/lib/python3.11/site-packages/dlio_benchmark/utils/statscounter.py:361]
[INFO] 2024-08-29T09:33:23.191439 Ending eval - 2 steps completed in 1.01 s [/home/gohan/projects/PFS/DLIO/my-venv/lib/python3.11/site-packages/dlio_benchmark/utils/statscounter.py:249]
[INFO] 2024-08-29T09:33:23.194334 Epoch 7 [Eval] Accelerator Utilization [AU] (%): 99.2771 [/home/gohan/projects/PFS/DLIO/my-venv/lib/python3.11/site-packages/dlio_benchmark/utils/statscounter.py:252]
[INFO] 2024-08-29T09:33:23.194477 Epoch 7 [Eval] Throughput (samples/second): 7.8834 [/home/gohan/projects/PFS/DLIO/my-venv/lib/python3.11/site-packages/dlio_benchmark/utils/statscounter.py:253]
[INFO] 2024-08-29T09:33:23.194979 Starting epoch 8: 4 steps expected [/home/gohan/projects/PFS/DLIO/my-venv/lib/python3.11/site-packages/dlio_benchmark/utils/statscounter.py:192]
[INFO] 2024-08-29T09:33:23.195507 Starting block 1 [/home/gohan/projects/PFS/DLIO/my-venv/lib/python3.11/site-packages/dlio_benchmark/utils/statscounter.py:264]
[INFO] 2024-08-29T09:33:24.203662 Rank 1 step 1 processed 4 samples in 1.01328444480896 s [/home/gohan/projects/PFS/DLIO/my-venv/lib/python3.11/site-packages/dlio_benchmark/utils/statscounter.py:325]
[INFO] 2024-08-29T09:33:24.203852 Rank 2 step 1 processed 4 samples in 1.0139553546905518 s [/home/gohan/projects/PFS/DLIO/my-venv/lib/python3.11/site-packages/dlio_benchmark/utils/statscounter.py:325]
[INFO] 2024-08-29T09:33:24.209128 Rank 3 step 1 processed 4 samples in 1.0196878910064697 s [/home/gohan/projects/PFS/DLIO/my-venv/lib/python3.11/site-packages/dlio_benchmark/utils/statscounter.py:325]
[INFO] 2024-08-29T09:33:24.216005 Rank 0 step 1 processed 4 samples in 1.0201821327209473 s [/home/gohan/projects/PFS/DLIO/my-venv/lib/python3.11/site-packages/dlio_benchmark/utils/statscounter.py:325]
[INFO] 2024-08-29T09:33:25.218020 Rank 0 step 2 processed 4 samples in 1.0018534660339355 s [/home/gohan/projects/PFS/DLIO/my-venv/lib/python3.11/site-packages/dlio_benchmark/utils/statscounter.py:325]
[INFO] 2024-08-29T09:33:25.218234 Rank 1 step 2 processed 4 samples in 1.0020720958709717 s [/home/gohan/projects/PFS/DLIO/my-venv/lib/python3.11/site-packages/dlio_benchmark/utils/statscounter.py:325]
[INFO] 2024-08-29T09:33:25.218211 Rank 3 step 2 processed 4 samples in 1.0020296573638916 s [/home/gohan/projects/PFS/DLIO/my-venv/lib/python3.11/site-packages/dlio_benchmark/utils/statscounter.py:325]
[INFO] 2024-08-29T09:33:25.220506 Rank 2 step 2 processed 4 samples in 1.0040435791015625 s [/home/gohan/projects/PFS/DLIO/my-venv/lib/python3.11/site-packages/dlio_benchmark/utils/statscounter.py:325]
[INFO] 2024-08-29T09:33:26.223655 Rank 2 step 3 processed 4 samples in 1.0026295185089111 s [/home/gohan/projects/PFS/DLIO/my-venv/lib/python3.11/site-packages/dlio_benchmark/utils/statscounter.py:325]
[INFO] 2024-08-29T09:33:26.223947 Rank 1 step 3 processed 4 samples in 1.0030097961425781 s [/home/gohan/projects/PFS/DLIO/my-venv/lib/python3.11/site-packages/dlio_benchmark/utils/statscounter.py:325]
[INFO] 2024-08-29T09:33:26.224138 Rank 3 step 3 processed 4 samples in 1.0031673908233643 s [/home/gohan/projects/PFS/DLIO/my-venv/lib/python3.11/site-packages/dlio_benchmark/utils/statscounter.py:325]
[INFO] 2024-08-29T09:33:26.224152 Rank 0 step 3 processed 4 samples in 1.003197193145752 s [/home/gohan/projects/PFS/DLIO/my-venv/lib/python3.11/site-packages/dlio_benchmark/utils/statscounter.py:325]
[INFO] 2024-08-29T09:33:27.227806 Rank 1 step 4 processed 4 samples in 1.0030384063720703 s [/home/gohan/projects/PFS/DLIO/my-venv/lib/python3.11/site-packages/dlio_benchmark/utils/statscounter.py:325]
[INFO] 2024-08-29T09:33:27.227878 Rank 0 step 4 processed 4 samples in 1.0030884742736816 s [/home/gohan/projects/PFS/DLIO/my-venv/lib/python3.11/site-packages/dlio_benchmark/utils/statscounter.py:325]
[INFO] 2024-08-29T09:33:27.234876 Rank 2 step 4 processed 4 samples in 1.0100932121276855 s [/home/gohan/projects/PFS/DLIO/my-venv/lib/python3.11/site-packages/dlio_benchmark/utils/statscounter.py:325]
[INFO] 2024-08-29T09:33:27.235889 Rank 3 step 4 processed 4 samples in 1.0110938549041748 s [/home/gohan/projects/PFS/DLIO/my-venv/lib/python3.11/site-packages/dlio_benchmark/utils/statscounter.py:325]
[INFO] 2024-08-29T09:33:27.236119 Maximum number of steps reached [/home/gohan/projects/PFS/DLIO/my-venv/lib/python3.11/site-packages/dlio_benchmark/main.py:289]
[INFO] 2024-08-29T09:33:27.236291 Ending block 1 - 4 steps completed in 4.04 s [/home/gohan/projects/PFS/DLIO/my-venv/lib/python3.11/site-packages/dlio_benchmark/utils/statscounter.py:282]
[INFO] 2024-08-29T09:33:27.237798 Epoch 8 - Block 1 [Training] Accelerator Utilization [AU] (%): 99.3199 [/home/gohan/projects/PFS/DLIO/my-venv/lib/python3.11/site-packages/dlio_benchmark/utils/statscounter.py:285]
[INFO] 2024-08-29T09:33:27.237853 Epoch 8 - Block 1 [Training] Throughput (samples/second): 15.8387 [/home/gohan/projects/PFS/DLIO/my-venv/lib/python3.11/site-packages/dlio_benchmark/utils/statscounter.py:286]
[INFO] 2024-08-29T09:33:27.245345 Ending epoch 8 - 4 steps completed in 4.05 s [/home/gohan/projects/PFS/DLIO/my-venv/lib/python3.11/site-packages/dlio_benchmark/utils/statscounter.py:225]
[INFO] 2024-08-29T09:33:27.250737 Starting eval - 2 steps expected [/home/gohan/projects/PFS/DLIO/my-venv/lib/python3.11/site-packages/dlio_benchmark/utils/statscounter.py:231]
[INFO] 2024-08-29T09:33:27.752014 Rank 1 step 1 processed 1 samples in 0.5066204071044922 s [/home/gohan/projects/PFS/DLIO/my-venv/lib/python3.11/site-packages/dlio_benchmark/utils/statscounter.py:361]
[INFO] 2024-08-29T09:33:27.752860 Rank 2 step 1 processed 1 samples in 0.5073196887969971 s [/home/gohan/projects/PFS/DLIO/my-venv/lib/python3.11/site-packages/dlio_benchmark/utils/statscounter.py:361]
[INFO] 2024-08-29T09:33:27.756818 Rank 3 step 1 processed 1 samples in 0.5090906620025635 s [/home/gohan/projects/PFS/DLIO/my-venv/lib/python3.11/site-packages/dlio_benchmark/utils/statscounter.py:361]
[INFO] 2024-08-29T09:33:27.759428 Rank 0 step 1 processed 1 samples in 0.5084443092346191 s [/home/gohan/projects/PFS/DLIO/my-venv/lib/python3.11/site-packages/dlio_benchmark/utils/statscounter.py:361]
[INFO] 2024-08-29T09:33:28.254783 Rank 1 step 2 processed 1 samples in 0.5025172233581543 s [/home/gohan/projects/PFS/DLIO/my-venv/lib/python3.11/site-packages/dlio_benchmark/utils/statscounter.py:361]
[INFO] 2024-08-29T09:33:28.255309 Rank 2 step 2 processed 1 samples in 0.5022342205047607 s [/home/gohan/projects/PFS/DLIO/my-venv/lib/python3.11/site-packages/dlio_benchmark/utils/statscounter.py:361]
[INFO] 2024-08-29T09:33:28.259799 Rank 3 step 2 processed 1 samples in 0.5027503967285156 s [/home/gohan/projects/PFS/DLIO/my-venv/lib/python3.11/site-packages/dlio_benchmark/utils/statscounter.py:361]
[INFO] 2024-08-29T09:33:28.262658 Rank 0 step 2 processed 1 samples in 0.5029153823852539 s [/home/gohan/projects/PFS/DLIO/my-venv/lib/python3.11/site-packages/dlio_benchmark/utils/statscounter.py:361]
[INFO] 2024-08-29T09:33:28.263364 Ending eval - 2 steps completed in 1.01 s [/home/gohan/projects/PFS/DLIO/my-venv/lib/python3.11/site-packages/dlio_benchmark/utils/statscounter.py:249]
[INFO] 2024-08-29T09:33:28.272374 Epoch 8 [Eval] Accelerator Utilization [AU] (%): 99.1984 [/home/gohan/projects/PFS/DLIO/my-venv/lib/python3.11/site-packages/dlio_benchmark/utils/statscounter.py:252]
[INFO] 2024-08-29T09:33:28.272868 Epoch 8 [Eval] Throughput (samples/second): 7.9014 [/home/gohan/projects/PFS/DLIO/my-venv/lib/python3.11/site-packages/dlio_benchmark/utils/statscounter.py:253]
[INFO] 2024-08-29T09:33:28.273630 Starting epoch 9: 4 steps expected [/home/gohan/projects/PFS/DLIO/my-venv/lib/python3.11/site-packages/dlio_benchmark/utils/statscounter.py:192]
[INFO] 2024-08-29T09:33:28.274414 Starting block 1 [/home/gohan/projects/PFS/DLIO/my-venv/lib/python3.11/site-packages/dlio_benchmark/utils/statscounter.py:264]
[INFO] 2024-08-29T09:33:29.271733 Rank 1 step 1 processed 4 samples in 1.0158982276916504 s [/home/gohan/projects/PFS/DLIO/my-venv/lib/python3.11/site-packages/dlio_benchmark/utils/statscounter.py:325]
[INFO] 2024-08-29T09:33:29.272809 Rank 2 step 1 processed 4 samples in 1.0165910720825195 s [/home/gohan/projects/PFS/DLIO/my-venv/lib/python3.11/site-packages/dlio_benchmark/utils/statscounter.py:325]
[INFO] 2024-08-29T09:33:29.282872 Rank 3 step 1 processed 4 samples in 1.0214080810546875 s [/home/gohan/projects/PFS/DLIO/my-venv/lib/python3.11/site-packages/dlio_benchmark/utils/statscounter.py:325]
[INFO] 2024-08-29T09:33:29.298870 Rank 0 step 1 processed 4 samples in 1.024024486541748 s [/home/gohan/projects/PFS/DLIO/my-venv/lib/python3.11/site-packages/dlio_benchmark/utils/statscounter.py:325]
[INFO] 2024-08-29T09:33:30.301544 Rank 1 step 2 processed 4 samples in 1.0022618770599365 s [/home/gohan/projects/PFS/DLIO/my-venv/lib/python3.11/site-packages/dlio_benchmark/utils/statscounter.py:325]
[INFO] 2024-08-29T09:33:30.301806 Rank 2 step 2 processed 4 samples in 1.0025124549865723 s [/home/gohan/projects/PFS/DLIO/my-venv/lib/python3.11/site-packages/dlio_benchmark/utils/statscounter.py:325]
[INFO] 2024-08-29T09:33:30.303056 Rank 0 step 2 processed 4 samples in 1.0037908554077148 s [/home/gohan/projects/PFS/DLIO/my-venv/lib/python3.11/site-packages/dlio_benchmark/utils/statscounter.py:325]
[INFO] 2024-08-29T09:33:30.311927 Rank 3 step 2 processed 4 samples in 1.012535572052002 s [/home/gohan/projects/PFS/DLIO/my-venv/lib/python3.11/site-packages/dlio_benchmark/utils/statscounter.py:325]
[INFO] 2024-08-29T09:33:31.318129 Rank 3 step 3 processed 4 samples in 1.005622386932373 s [/home/gohan/projects/PFS/DLIO/my-venv/lib/python3.11/site-packages/dlio_benchmark/utils/statscounter.py:325]
[INFO] 2024-08-29T09:33:31.318852 Rank 1 step 3 processed 4 samples in 1.0063741207122803 s [/home/gohan/projects/PFS/DLIO/my-venv/lib/python3.11/site-packages/dlio_benchmark/utils/statscounter.py:325]
[INFO] 2024-08-29T09:33:31.319986 Rank 2 step 3 processed 4 samples in 1.0066609382629395 s [/home/gohan/projects/PFS/DLIO/my-venv/lib/python3.11/site-packages/dlio_benchmark/utils/statscounter.py:325]
[INFO] 2024-08-29T09:33:31.321628 Rank 0 step 3 processed 4 samples in 1.009129524230957 s [/home/gohan/projects/PFS/DLIO/my-venv/lib/python3.11/site-packages/dlio_benchmark/utils/statscounter.py:325]
[INFO] 2024-08-29T09:33:32.325183 Rank 0 step 4 processed 4 samples in 1.0030786991119385 s [/home/gohan/projects/PFS/DLIO/my-venv/lib/python3.11/site-packages/dlio_benchmark/utils/statscounter.py:325]
[INFO] 2024-08-29T09:33:32.325195 Rank 3 step 4 processed 4 samples in 1.0030791759490967 s [/home/gohan/projects/PFS/DLIO/my-venv/lib/python3.11/site-packages/dlio_benchmark/utils/statscounter.py:325]
[INFO] 2024-08-29T09:33:32.325652 Rank 1 step 4 processed 4 samples in 1.0035653114318848 s [/home/gohan/projects/PFS/DLIO/my-venv/lib/python3.11/site-packages/dlio_benchmark/utils/statscounter.py:325]
[INFO] 2024-08-29T09:33:32.325867 Rank 2 step 4 processed 4 samples in 1.0037591457366943 s [/home/gohan/projects/PFS/DLIO/my-venv/lib/python3.11/site-packages/dlio_benchmark/utils/statscounter.py:325]
[INFO] 2024-08-29T09:33:32.326271 Maximum number of steps reached [/home/gohan/projects/PFS/DLIO/my-venv/lib/python3.11/site-packages/dlio_benchmark/main.py:289]
[INFO] 2024-08-29T09:33:32.326689 Ending block 1 - 4 steps completed in 4.05 s [/home/gohan/projects/PFS/DLIO/my-venv/lib/python3.11/site-packages/dlio_benchmark/utils/statscounter.py:282]
[INFO] 2024-08-29T09:33:32.329030 Epoch 9 - Block 1 [Training] Accelerator Utilization [AU] (%): 99.0748 [/home/gohan/projects/PFS/DLIO/my-venv/lib/python3.11/site-packages/dlio_benchmark/utils/statscounter.py:285]
[INFO] 2024-08-29T09:33:32.329435 Epoch 9 - Block 1 [Training] Throughput (samples/second): 15.7945 [/home/gohan/projects/PFS/DLIO/my-venv/lib/python3.11/site-packages/dlio_benchmark/utils/statscounter.py:286]
[INFO] 2024-08-29T09:33:32.330184 Ending epoch 9 - 4 steps completed in 4.06 s [/home/gohan/projects/PFS/DLIO/my-venv/lib/python3.11/site-packages/dlio_benchmark/utils/statscounter.py:225]
[INFO] 2024-08-29T09:33:32.331991 Starting eval - 2 steps expected [/home/gohan/projects/PFS/DLIO/my-venv/lib/python3.11/site-packages/dlio_benchmark/utils/statscounter.py:231]
[INFO] 2024-08-29T09:33:32.844674 Rank 3 step 1 processed 1 samples in 0.5144004821777344 s [/home/gohan/projects/PFS/DLIO/my-venv/lib/python3.11/site-packages/dlio_benchmark/utils/statscounter.py:361]
[INFO] 2024-08-29T09:33:32.850526 Rank 2 step 1 processed 1 samples in 0.5200088024139404 s [/home/gohan/projects/PFS/DLIO/my-venv/lib/python3.11/site-packages/dlio_benchmark/utils/statscounter.py:361]
[INFO] 2024-08-29T09:33:32.850918 Rank 0 step 1 processed 1 samples in 0.5187516212463379 s [/home/gohan/projects/PFS/DLIO/my-venv/lib/python3.11/site-packages/dlio_benchmark/utils/statscounter.py:361]
[INFO] 2024-08-29T09:33:32.855587 Rank 1 step 1 processed 1 samples in 0.5250887870788574 s [/home/gohan/projects/PFS/DLIO/my-venv/lib/python3.11/site-packages/dlio_benchmark/utils/statscounter.py:361]
[INFO] 2024-08-29T09:33:33.349153 Rank 3 step 2 processed 1 samples in 0.5039355754852295 s [/home/gohan/projects/PFS/DLIO/my-venv/lib/python3.11/site-packages/dlio_benchmark/utils/statscounter.py:361]
[INFO] 2024-08-29T09:33:33.353819 Rank 2 step 2 processed 1 samples in 0.5029397010803223 s [/home/gohan/projects/PFS/DLIO/my-venv/lib/python3.11/site-packages/dlio_benchmark/utils/statscounter.py:361]
[INFO] 2024-08-29T09:33:33.354119 Rank 0 step 2 processed 1 samples in 0.5029001235961914 s [/home/gohan/projects/PFS/DLIO/my-venv/lib/python3.11/site-packages/dlio_benchmark/utils/statscounter.py:361]
[INFO] 2024-08-29T09:33:33.354666 Ending eval - 2 steps completed in 1.02 s [/home/gohan/projects/PFS/DLIO/my-venv/lib/python3.11/site-packages/dlio_benchmark/utils/statscounter.py:249]
[INFO] 2024-08-29T09:33:33.357447 Epoch 9 [Eval] Accelerator Utilization [AU] (%): 99.2423 [/home/gohan/projects/PFS/DLIO/my-venv/lib/python3.11/site-packages/dlio_benchmark/utils/statscounter.py:252]
[INFO] 2024-08-29T09:33:33.357551 Epoch 9 [Eval] Throughput (samples/second): 7.8234 [/home/gohan/projects/PFS/DLIO/my-venv/lib/python3.11/site-packages/dlio_benchmark/utils/statscounter.py:253]
[INFO] 2024-08-29T09:33:33.358075 Rank 1 step 2 processed 1 samples in 0.5021603107452393 s [/home/gohan/projects/PFS/DLIO/my-venv/lib/python3.11/site-packages/dlio_benchmark/utils/statscounter.py:361]
[INFO] 2024-08-29T09:33:33.358847 Starting epoch 10: 4 steps expected [/home/gohan/projects/PFS/DLIO/my-venv/lib/python3.11/site-packages/dlio_benchmark/utils/statscounter.py:192]
[INFO] 2024-08-29T09:33:33.361261 Starting block 1 [/home/gohan/projects/PFS/DLIO/my-venv/lib/python3.11/site-packages/dlio_benchmark/utils/statscounter.py:264]
[INFO] 2024-08-29T09:33:34.367433 Rank 3 step 1 processed 4 samples in 1.016646385192871 s [/home/gohan/projects/PFS/DLIO/my-venv/lib/python3.11/site-packages/dlio_benchmark/utils/statscounter.py:325]
[INFO] 2024-08-29T09:33:34.378778 Rank 2 step 1 processed 4 samples in 1.0236539840698242 s [/home/gohan/projects/PFS/DLIO/my-venv/lib/python3.11/site-packages/dlio_benchmark/utils/statscounter.py:325]
[INFO] 2024-08-29T09:33:34.389816 Rank 1 step 1 processed 4 samples in 1.026613473892212 s [/home/gohan/projects/PFS/DLIO/my-venv/lib/python3.11/site-packages/dlio_benchmark/utils/statscounter.py:325]
[INFO] 2024-08-29T09:33:34.390920 Rank 0 step 1 processed 4 samples in 1.0284514427185059 s [/home/gohan/projects/PFS/DLIO/my-venv/lib/python3.11/site-packages/dlio_benchmark/utils/statscounter.py:325]
[INFO] 2024-08-29T09:33:35.394384 Rank 3 step 2 processed 4 samples in 1.003068447113037 s [/home/gohan/projects/PFS/DLIO/my-venv/lib/python3.11/site-packages/dlio_benchmark/utils/statscounter.py:325]
[INFO] 2024-08-29T09:33:35.394936 Rank 1 step 2 processed 4 samples in 1.0036494731903076 s [/home/gohan/projects/PFS/DLIO/my-venv/lib/python3.11/site-packages/dlio_benchmark/utils/statscounter.py:325]
[INFO] 2024-08-29T09:33:35.395070 Rank 0 step 2 processed 4 samples in 1.0037858486175537 s [/home/gohan/projects/PFS/DLIO/my-venv/lib/python3.11/site-packages/dlio_benchmark/utils/statscounter.py:325]
[INFO] 2024-08-29T09:33:35.395569 Rank 2 step 2 processed 4 samples in 1.0042121410369873 s [/home/gohan/projects/PFS/DLIO/my-venv/lib/python3.11/site-packages/dlio_benchmark/utils/statscounter.py:325]
[INFO] 2024-08-29T09:33:36.398624 Rank 3 step 3 processed 4 samples in 1.002676010131836 s [/home/gohan/projects/PFS/DLIO/my-venv/lib/python3.11/site-packages/dlio_benchmark/utils/statscounter.py:325]
[INFO] 2024-08-29T09:33:36.398631 Rank 0 step 3 processed 4 samples in 1.0026907920837402 s [/home/gohan/projects/PFS/DLIO/my-venv/lib/python3.11/site-packages/dlio_benchmark/utils/statscounter.py:325]
[INFO] 2024-08-29T09:33:36.398656 Rank 1 step 3 processed 4 samples in 1.002725601196289 s [/home/gohan/projects/PFS/DLIO/my-venv/lib/python3.11/site-packages/dlio_benchmark/utils/statscounter.py:325]
[INFO] 2024-08-29T09:33:36.399104 Rank 2 step 3 processed 4 samples in 1.003166913986206 s [/home/gohan/projects/PFS/DLIO/my-venv/lib/python3.11/site-packages/dlio_benchmark/utils/statscounter.py:325]
[INFO] 2024-08-29T09:33:37.401794 Rank 0 step 4 processed 4 samples in 1.00235915184021 s [/home/gohan/projects/PFS/DLIO/my-venv/lib/python3.11/site-packages/dlio_benchmark/utils/statscounter.py:325]
[INFO] 2024-08-29T09:33:37.401915 Rank 3 step 4 processed 4 samples in 1.0024771690368652 s [/home/gohan/projects/PFS/DLIO/my-venv/lib/python3.11/site-packages/dlio_benchmark/utils/statscounter.py:325]
[INFO] 2024-08-29T09:33:37.401962 Rank 2 step 4 processed 4 samples in 1.002528190612793 s [/home/gohan/projects/PFS/DLIO/my-venv/lib/python3.11/site-packages/dlio_benchmark/utils/statscounter.py:325]
[INFO] 2024-08-29T09:33:37.401962 Rank 1 step 4 processed 4 samples in 1.002544641494751 s [/home/gohan/projects/PFS/DLIO/my-venv/lib/python3.11/site-packages/dlio_benchmark/utils/statscounter.py:325]
[INFO] 2024-08-29T09:33:37.402505 Maximum number of steps reached [/home/gohan/projects/PFS/DLIO/my-venv/lib/python3.11/site-packages/dlio_benchmark/main.py:289]
[INFO] 2024-08-29T09:33:37.402781 Ending block 1 - 4 steps completed in 4.04 s [/home/gohan/projects/PFS/DLIO/my-venv/lib/python3.11/site-packages/dlio_benchmark/utils/statscounter.py:282]
[INFO] 2024-08-29T09:33:37.405086 Epoch 10 - Block 1 [Training] Accelerator Utilization [AU] (%): 99.5699 [/home/gohan/projects/PFS/DLIO/my-venv/lib/python3.11/site-packages/dlio_benchmark/utils/statscounter.py:285]
[INFO] 2024-08-29T09:33:37.405182 Epoch 10 - Block 1 [Training] Throughput (samples/second): 15.8361 [/home/gohan/projects/PFS/DLIO/my-venv/lib/python3.11/site-packages/dlio_benchmark/utils/statscounter.py:286]
[INFO] 2024-08-29T09:33:37.405639 Ending epoch 10 - 4 steps completed in 4.05 s [/home/gohan/projects/PFS/DLIO/my-venv/lib/python3.11/site-packages/dlio_benchmark/utils/statscounter.py:225]
[INFO] 2024-08-29T09:33:37.407650 Starting eval - 2 steps expected [/home/gohan/projects/PFS/DLIO/my-venv/lib/python3.11/site-packages/dlio_benchmark/utils/statscounter.py:231]
[INFO] 2024-08-29T09:33:37.918132 Rank 1 step 1 processed 1 samples in 0.5121684074401855 s [/home/gohan/projects/PFS/DLIO/my-venv/lib/python3.11/site-packages/dlio_benchmark/utils/statscounter.py:361]
[INFO] 2024-08-29T09:33:37.919960 Rank 2 step 1 processed 1 samples in 0.5139961242675781 s [/home/gohan/projects/PFS/DLIO/my-venv/lib/python3.11/site-packages/dlio_benchmark/utils/statscounter.py:361]
[INFO] 2024-08-29T09:33:37.921345 Rank 3 step 1 processed 1 samples in 0.5154876708984375 s [/home/gohan/projects/PFS/DLIO/my-venv/lib/python3.11/site-packages/dlio_benchmark/utils/statscounter.py:361]
[INFO] 2024-08-29T09:33:37.926359 Rank 0 step 1 processed 1 samples in 0.5185389518737793 s [/home/gohan/projects/PFS/DLIO/my-venv/lib/python3.11/site-packages/dlio_benchmark/utils/statscounter.py:361]
[INFO] 2024-08-29T09:33:38.423212 Rank 1 step 2 processed 1 samples in 0.5045621395111084 s [/home/gohan/projects/PFS/DLIO/my-venv/lib/python3.11/site-packages/dlio_benchmark/utils/statscounter.py:361]
[INFO] 2024-08-29T09:33:38.423601 Rank 2 step 2 processed 1 samples in 0.5031893253326416 s [/home/gohan/projects/PFS/DLIO/my-venv/lib/python3.11/site-packages/dlio_benchmark/utils/statscounter.py:361]
[INFO] 2024-08-29T09:33:38.424698 Rank 3 step 2 processed 1 samples in 0.5030431747436523 s [/home/gohan/projects/PFS/DLIO/my-venv/lib/python3.11/site-packages/dlio_benchmark/utils/statscounter.py:361]
[INFO] 2024-08-29T09:33:38.429505 Rank 0 step 2 processed 1 samples in 0.5028657913208008 s [/home/gohan/projects/PFS/DLIO/my-venv/lib/python3.11/site-packages/dlio_benchmark/utils/statscounter.py:361]
[INFO] 2024-08-29T09:33:38.429972 Ending eval - 2 steps completed in 1.02 s [/home/gohan/projects/PFS/DLIO/my-venv/lib/python3.11/site-packages/dlio_benchmark/utils/statscounter.py:249]
[INFO] 2024-08-29T09:33:38.432041 Epoch 10 [Eval] Accelerator Utilization [AU] (%): 99.2636 [/home/gohan/projects/PFS/DLIO/my-venv/lib/python3.11/site-packages/dlio_benchmark/utils/statscounter.py:252]
[INFO] 2024-08-29T09:33:38.432130 Epoch 10 [Eval] Throughput (samples/second): 7.8259 [/home/gohan/projects/PFS/DLIO/my-venv/lib/python3.11/site-packages/dlio_benchmark/utils/statscounter.py:253]
[INFO] 2024-08-29T09:33:38.451616 Saved outputs in /home/gohan/projects/PFS/DLIO/hydra_log/default/2024-08-29-09-32-44 [/home/gohan/projects/PFS/DLIO/my-venv/lib/python3.11/site-packages/dlio_benchmark/utils/statscounter.py:171]
[INFO] Averaged metric over all epochs
[METRIC] ==========================================================
[METRIC] Number of Simulated Accelerators: 4 
[METRIC] Training Accelerator Utilization [AU] (%): 98.9684 (0.3625)
[METRIC] Training Throughput (samples/second): 15.5094 (0.9023)
[METRIC] Training I/O Throughput (MB/second): 0.0606 (0.0035)
[METRIC] train_au_meet_expectation: success
[METRIC] Eval Accelerator Utilization [AU] (%): 24.7943 (0.0407)
[METRIC] Eval Throughput (samples/second): 1.884309 (0.251648)
[METRIC] Eval Throughput (MB/second): 0.007361 (0.000983)
[METRIC] eval_au_meet_expectation: fail
[METRIC] ==========================================================
 [/home/gohan/projects/PFS/DLIO/my-venv/lib/python3.11/site-packages/dlio_benchmark/utils/statscounter.py:185]
[INFO] 2024-08-29T09:33:38.459391 outputs saved in RANKID_output.json [/home/gohan/projects/PFS/DLIO/my-venv/lib/python3.11/site-packages/dlio_benchmark/utils/statscounter.py:378]
